yarn run v1.22.22
$ expo start --web --host lan --port 19007
env: load .env
env: export EXPO_PUBLIC_BACKEND_URL EXPO_PUBLIC_WEB_URL EXPO_NO_DOCTOR
Starting project at C:\Users\jnuci\OneDrive\Documenti\GitHub\GESTIONALENUOVO\frontend
Starting Metro Bundler
Waiting on http://localhost:19007
Logs for your project will appear below.
Web node_modules\expo-router\entry.js ░░░░░░░░░░░░░░░░  0.0% (0/1)
λ node_modules\expo-router\node\render.js ░░░░░░░░░░░░░░░░  0.0% (0/1)
Web node_modules\expo-router\entry.js ░░░░░░░░░░░░░░░░  0.0% (0/1)
λ node_modules\expo-router\node\render.js ░░░░░░░░░░░░░░░░  1.0% (1/1)
Web node_modules\expo-router\entry.js ▓░░░░░░░░░░░░░░░  9.0% ( 4/16)
λ node_modules\expo-router\node\render.js ░░░░░░░░░░░░░░░░  3.5% ( 13/124)
Web node_modules\expo-router\entry.js ▓▓▓▓░░░░░░░░░░░░ 27.0% ( 19/110)
λ node_modules\expo-router\node\render.js ▓░░░░░░░░░░░░░░░ 11.9% ( 80/236)
Web node_modules\expo-router\entry.js ▓▓▓▓░░░░░░░░░░░░ 27.0% ( 44/202)
λ node_modules\expo-router\node\render.js ▓▓░░░░░░░░░░░░░░ 17.2% (128/332)
Web node_modules\expo-router\entry.js ▓▓▓▓░░░░░░░░░░░░ 27.0% (110/282)
λ node_modules\expo-router\node\render.js ▓▓▓▓░░░░░░░░░░░░ 25.9% (199/399)
Web node_modules\expo-router\entry.js ▓▓▓▓░░░░░░░░░░░░ 27.0% (110/282)
λ node_modules\expo-router\node\render.js ▓▓▓▓▓░░░░░░░░░░░ 34.4% (274/467)
Web node_modules\expo-router\entry.js ▓▓▓▓░░░░░░░░░░░░ 27.0% (138/302)
λ node_modules\expo-router\node\render.js ▓▓▓▓▓▓░░░░░░░░░░ 43.7% (333/504)
Web node_modules\expo-router\entry.js ▓▓▓▓▓▓░░░░░░░░░░ 40.4% (283/445)
λ node_modules\expo-router\node\render.js ▓▓▓▓▓▓▓▓░░░░░░░░ 51.8% (377/524)
Web node_modules\expo-router\entry.js ▓▓▓▓▓▓░░░░░░░░░░ 40.4% (283/445)
λ node_modules\expo-router\node\render.js ▓▓▓▓▓▓▓▓▓░░░░░░░ 60.9% (454/584)
Web node_modules\expo-router\entry.js ▓▓▓▓▓▓▓░░░░░░░░░ 49.7% (402/573)
λ node_modules\expo-router\node\render.js ▓▓▓▓▓▓▓▓▓▓░░░░░░ 64.9% (498/618)
Web node_modules\expo-router\entry.js ░░░░░░░░░░░░░░░░  0.0% (0/1)
λ node_modules\expo-router\node\render.js ░░░░░░░░░░░░░░░░  0.0% (0/1)
Web node_modules\expo-router\entry.js ▓▓▓▓▓▓▓▓░░░░░░░░ 55.9% (445/595)
λ node_modules\expo-router\node\render.js ▓▓▓▓▓▓▓▓▓▓▓░░░░░ 73.5% (593/714)
Web node_modules\expo-router\entry.js ░░░░░░░░░░░░░░░░  0.0% (0/1)
λ node_modules\expo-router\node\render.js ░░░░░░░░░░░░░░░░  0.0% (0/1)
Web node_modules\expo-router\entry.js ▓▓▓▓▓▓▓▓▓▓░░░░░░ 66.3% (596/732)
λ node_modules\expo-router\node\render.js ▓▓▓▓▓▓▓▓▓▓▓░░░░░ 73.5% (645/759)
Web node_modules\expo-router\entry.js ░░░░░░░░░░░░░░░░  0.0% (0/1)
λ node_modules\expo-router\node\render.js ░░░░░░░░░░░░░░░░  0.0% (0/1)
Web node_modules\expo-router\entry.js ▓▓▓▓▓▓▓▓▓▓▓▓░░░░ 80.3% (699/780)
λ node_modules\expo-router\node\render.js ▓▓▓▓▓▓▓▓▓▓▓▓▓░░░ 83.8% (741/811)
Web node_modules\expo-router\entry.js ░░░░░░░░░░░░░░░░  0.0% (0/1)
λ node_modules\expo-router\node\render.js ░░░░░░░░░░░░░░░░  0.0% (0/1)
Web node_modules\expo-router\entry.js ▓▓▓▓▓▓▓▓▓▓▓▓▓▓░░ 87.5% (776/858)
λ node_modules\expo-router\node\render.js ▓▓▓▓▓▓▓▓▓▓▓▓▓▓░░ 89.0% (808/886)
Web node_modules\expo-router\entry.js ░░░░░░░░░░░░░░░░  0.0% (0/1)
λ node_modules\expo-router\node\render.js ░░░░░░░░░░░░░░░░  0.0% (0/1)
Web node_modules\expo-router\entry.js ▓▓▓▓▓▓▓▓▓▓▓▓▓▓░░ 87.5% (815/901)
λ node_modules\expo-router\node\render.js ▓▓▓▓▓▓▓▓▓▓▓▓▓▓░░ 90.8% (885/929)
Web node_modules\expo-router\entry.js ░░░░░░░░░░░░░░░░  0.0% (0/1)
λ node_modules\expo-router\node\render.js ░░░░░░░░░░░░░░░░  0.0% (0/1)
Web node_modules\expo-router\entry.js ▓▓▓▓▓▓▓▓▓▓▓▓▓▓░░ 91.4% (912/954)
λ node_modules\expo-router\node\render.js ▓▓▓▓▓▓▓▓▓▓▓▓▓▓░░ 92.8% (949/985)
Web node_modules\expo-router\entry.js ░░░░░░░░░░░░░░░░  0.0% (0/1)
λ node_modules\expo-router\node\render.js ░░░░░░░░░░░░░░░░  0.0% (0/1)
Web node_modules\expo-router\entry.js ▓▓▓▓▓▓▓▓▓▓▓▓▓▓▓░ 99.9% (972/972)
λ node_modules\expo-router\node\render.js ▓▓▓▓▓▓▓▓▓▓▓▓▓▓▓░ 98.5% (1038/1046)
Web node_modules\expo-router\entry.js ░░░░░░░░░░░░░░░░  0.0% (0/1)
λ node_modules\expo-router\node\render.js ░░░░░░░░░░░░░░░░  0.0% (0/1)
λ Bundled 63903ms node_modules\expo-router\node\render.js (1052 modules)
λ Bundled 28724ms node_modules\expo-router\node\render.js (1 module)
Web node_modules\expo-router\entry.js ▓▓▓▓▓▓▓▓▓▓▓▓▓▓▓░ 99.9% (972/972)
Web node_modules\expo-router\entry.js ░░░░░░░░░░░░░░░░  0.0% (0/1)
λ Bundled 44ms node_modules\expo-router\node\render.js (1 module)
Web Bundled 67744ms node_modules\expo-router\entry.js (972 modules)
Web Bundled 32565ms node_modules\expo-router\entry.js (1 module)
Web Bundled 798ms node_modules\expo-router\entry.js (1 module)
Web node_modules\expo-router\entry.js ▓▓▓░░░░░░░░░░░░░ 22.5% (100/211)
Web node_modules\expo-router\entry.js ▓▓▓▓▓▓▓░░░░░░░░░ 46.1% (360/530)
Web node_modules\expo-router\entry.js ▓▓▓▓▓▓▓▓▓▓░░░░░░ 67.8% (624/758)
Web node_modules\expo-router\entry.js ▓▓▓▓▓▓▓▓▓▓▓▓▓▓▓░ 94.8% (926/951)
Web Bundled 13802ms node_modules\expo-router\entry.js (973 modules)
 LOG  [web] Logs will appear in the browser console
info Visit https://yarnpkg.com/en/docs/cli/run for documentation about this command.
